GROUP,PACKAGE,CLASS,INSTRUCTION_MISSED,INSTRUCTION_COVERED,BRANCH_MISSED,BRANCH_COVERED,LINE_MISSED,LINE_COVERED,COMPLEXITY_MISSED,COMPLEXITY_COVERED,METHOD_MISSED,METHOD_COVERED
homework3,edu.postech.csed332.homework3,DelegateTree,10,375,5,35,1,60,5,31,0,16
homework3,edu.postech.csed332.homework3,ParentPointerTree,8,485,6,52,0,73,6,39,0,16
homework3,edu.postech.csed332.homework3,Tree,0,10,0,0,0,2,0,2,0,2
homework3,edu.postech.csed332.homework3,Edge,28,66,8,4,3,12,7,6,1,6
homework3,edu.postech.csed332.homework3,AdjacencyListGraph,2,300,1,31,0,56,1,30,0,15
homework3,edu.postech.csed332.homework3,Graph,0,53,0,6,0,11,0,6,0,3
homework3,edu.postech.csed332.homework3,ParentPointerTree.Node,0,9,0,0,0,4,0,1,0,1
