<?xml version="1.0" encoding="UTF-8" standalone="yes"?><!DOCTYPE report PUBLIC "-//JACOCO//DTD Report 1.1//EN" "report.dtd"><report name="homework3"><sessioninfo id="DESKTOP-12J1VDD-68f83c48" start="1570456526845" dump="1570456527561"/><sessioninfo id="DESKTOP-12J1VDD-fad403f9" start="1570456537934" dump="1570456538748"/><sessioninfo id="DESKTOP-12J1VDD-a8bf06ac" start="1570469571731" dump="1570469572456"/><sessioninfo id="DESKTOP-12J1VDD-3a9e639b" start="1570469944630" dump="1570469945438"/><sessioninfo id="DESKTOP-12J1VDD-de6b1975" start="1570526142562" dump="1570526143323"/><sessioninfo id="DESKTOP-12J1VDD-96a7d5c7" start="1570526205759" dump="1570526206476"/><sessioninfo id="DESKTOP-12J1VDD-293600f0" start="1570526245019" dump="1570526245716"/><sessioninfo id="DESKTOP-12J1VDD-2fed6317" start="1570530154265" dump="1570530154972"/><sessioninfo id="DESKTOP-12J1VDD-4dead379" start="1570533478965" dump="1570533479650"/><sessioninfo id="DESKTOP-12J1VDD-20881562" start="1570537047575" dump="1570537048256"/><sessioninfo id="DESKTOP-12J1VDD-9645a906" start="1570539112118" dump="1570539112803"/><sessioninfo id="DESKTOP-12J1VDD-484bc4ed" start="1570539530814" dump="1570539531665"/><sessioninfo id="DESKTOP-12J1VDD-cb268f1c" start="1570540135117" dump="1570540135793"/><sessioninfo id="DESKTOP-12J1VDD-ad8aa8b0" start="1570540186857" dump="1570540187544"/><sessioninfo id="DESKTOP-12J1VDD-9f1d519e" start="1570540205936" dump="1570540206632"/><sessioninfo id="DESKTOP-12J1VDD-e1b19735" start="1570540250751" dump="1570540251438"/><sessioninfo id="DESKTOP-12J1VDD-9e84ce30" start="1570540289227" dump="1570540289993"/><sessioninfo id="DESKTOP-12J1VDD-11197c96" start="1570540607619" dump="1570540608316"/><sessioninfo id="DESKTOP-12J1VDD-c073184a" start="1570540706658" dump="1570540707637"/><sessioninfo id="DESKTOP-12J1VDD-24f75aaf" start="1570540725730" dump="1570540726459"/><sessioninfo id="DESKTOP-12J1VDD-132a7183" start="1570540792705" dump="1570540793384"/><sessioninfo id="DESKTOP-12J1VDD-fa6ec08c" start="1570540885766" dump="1570540886442"/><sessioninfo id="DESKTOP-12J1VDD-3a8c251d" start="1570541298203" dump="1570541298984"/><sessioninfo id="DESKTOP-12J1VDD-a13fe9c8" start="1570541432689" dump="1570541433548"/><sessioninfo id="DESKTOP-12J1VDD-22770b4d" start="1570541633172" dump="1570541634039"/><sessioninfo id="DESKTOP-12J1VDD-b2e4d1a8" start="1570541683257" dump="1570541684035"/><sessioninfo id="DESKTOP-12J1VDD-1a507813" start="1570541717246" dump="1570541717946"/><sessioninfo id="DESKTOP-12J1VDD-bd38f21d" start="1570541742342" dump="1570541743054"/><sessioninfo id="DESKTOP-12J1VDD-86c71413" start="1570541778457" dump="1570541779173"/><sessioninfo id="DESKTOP-12J1VDD-2895da1a" start="1570541800836" dump="1570541801611"/><sessioninfo id="DESKTOP-12J1VDD-30e703c7" start="1570541825125" dump="1570541825858"/><sessioninfo id="DESKTOP-12J1VDD-92089802" start="1570541889185" dump="1570541889866"/><sessioninfo id="DESKTOP-12J1VDD-400e3e24" start="1570541939853" dump="1570541940563"/><sessioninfo id="DESKTOP-12J1VDD-94e085c" start="1570542009987" dump="1570542010681"/><sessioninfo id="DESKTOP-12J1VDD-91e8f13" start="1570542058275" dump="1570542058953"/><sessioninfo id="DESKTOP-12J1VDD-24fea8af" start="1570542151104" dump="1570542151987"/><sessioninfo id="DESKTOP-12J1VDD-ed4a752c" start="1570542168212" dump="1570542168924"/><sessioninfo id="DESKTOP-12J1VDD-d3c83714" start="1570542212655" dump="1570542213368"/><sessioninfo id="DESKTOP-12J1VDD-a2cd12ce" start="1570542229875" dump="1570542230630"/><sessioninfo id="DESKTOP-12J1VDD-9bb297b0" start="1570542322235" dump="1570542322961"/><sessioninfo id="DESKTOP-12J1VDD-eadc92cf" start="1570542377216" dump="1570542378041"/><sessioninfo id="DESKTOP-12J1VDD-8155cc90" start="1570542398896" dump="1570542399614"/><sessioninfo id="DESKTOP-12J1VDD-3ea97a43" start="1570542444260" dump="1570542444962"/><sessioninfo id="DESKTOP-12J1VDD-c563f243" start="1570542486192" dump="1570542486996"/><sessioninfo id="DESKTOP-12J1VDD-1e904ce5" start="1570542503471" dump="1570542504181"/><sessioninfo id="DESKTOP-12J1VDD-3e8dde7e" start="1570542523266" dump="1570542524029"/><sessioninfo id="DESKTOP-12J1VDD-aea6e588" start="1570542615733" dump="1570542616460"/><sessioninfo id="DESKTOP-12J1VDD-88b343d6" start="1570542681617" dump="1570542682372"/><sessioninfo id="DESKTOP-12J1VDD-2893d3e0" start="1570542718410" dump="1570542719132"/><sessioninfo id="DESKTOP-12J1VDD-82b2ecf7" start="1570542730650" dump="1570542731397"/><sessioninfo id="DESKTOP-12J1VDD-2664adf6" start="1570542754849" dump="1570542755563"/><sessioninfo id="DESKTOP-12J1VDD-b49022ed" start="1570542769951" dump="1570542770663"/><sessioninfo id="DESKTOP-12J1VDD-942b3aa1" start="1570542819787" dump="1570542820555"/><sessioninfo id="DESKTOP-12J1VDD-ee3da5d6" start="1570542883223" dump="1570542884131"/><sessioninfo id="DESKTOP-12J1VDD-53767dcc" start="1570542994092" dump="1570542994814"/><sessioninfo id="DESKTOP-12J1VDD-f596e9ac" start="1570543065550" dump="1570543066257"/><sessioninfo id="DESKTOP-12J1VDD-370992fe" start="1570543353295" dump="1570543354044"/><sessioninfo id="DESKTOP-12J1VDD-f222a56f" start="1570543519538" dump="1570543520294"/><sessioninfo id="DESKTOP-12J1VDD-5ad61874" start="1570543739277" dump="1570543740015"/><sessioninfo id="DESKTOP-12J1VDD-31fe32a4" start="1570543799260" dump="1570543800010"/><sessioninfo id="DESKTOP-12J1VDD-8f227f79" start="1570543899115" dump="1570543899852"/><sessioninfo id="DESKTOP-12J1VDD-b39c878d" start="1570543951603" dump="1570543952373"/><sessioninfo id="DESKTOP-12J1VDD-5732ba71" start="1570544006794" dump="1570544007531"/><sessioninfo id="DESKTOP-12J1VDD-e7d50674" start="1570544033462" dump="1570544034230"/><sessioninfo id="DESKTOP-12J1VDD-f89b8ef" start="1570544069670" dump="1570544070474"/><sessioninfo id="DESKTOP-12J1VDD-5d6174bb" start="1570544185528" dump="1570544186284"/><sessioninfo id="DESKTOP-12J1VDD-170300ca" start="1570544240465" dump="1570544241209"/><sessioninfo id="DESKTOP-12J1VDD-a50c2a6" start="1570544258410" dump="1570544259157"/><sessioninfo id="DESKTOP-12J1VDD-25d431ca" start="1570544363603" dump="1570544364402"/><sessioninfo id="DESKTOP-12J1VDD-ea731eb1" start="1570544403714" dump="1570544404467"/><sessioninfo id="DESKTOP-12J1VDD-70f096d4" start="1570544440135" dump="1570544440888"/><sessioninfo id="DESKTOP-12J1VDD-84f3b25f" start="1570544515980" dump="1570544516711"/><sessioninfo id="DESKTOP-12J1VDD-c0b02639" start="1570544622671" dump="1570544623502"/><sessioninfo id="DESKTOP-12J1VDD-cc647559" start="1570544643976" dump="1570544644777"/><sessioninfo id="DESKTOP-12J1VDD-91cb6327" start="1570544684801" dump="1570544685693"/><sessioninfo id="DESKTOP-12J1VDD-2b97f9b6" start="1570544723052" dump="1570544723895"/><sessioninfo id="DESKTOP-12J1VDD-47b89d1a" start="1570544801339" dump="1570544802184"/><sessioninfo id="DESKTOP-12J1VDD-1b1c2204" start="1570544808750" dump="1570544809462"/><sessioninfo id="DESKTOP-12J1VDD-bec5440b" start="1570544937730" dump="1570544938479"/><sessioninfo id="DESKTOP-12J1VDD-2945bc6a" start="1570544972275" dump="1570544972989"/><sessioninfo id="DESKTOP-12J1VDD-f163e554" start="1570544985660" dump="1570544986400"/><sessioninfo id="DESKTOP-12J1VDD-bdbcf0ab" start="1570545041220" dump="1570545041932"/><sessioninfo id="DESKTOP-12J1VDD-29daddf8" start="1570545079544" dump="1570545080352"/><sessioninfo id="DESKTOP-12J1VDD-af5de04" start="1570545109692" dump="1570545110459"/><sessioninfo id="DESKTOP-12J1VDD-26226bce" start="1570545123209" dump="1570545123953"/><sessioninfo id="DESKTOP-12J1VDD-3b8b24bc" start="1570545137804" dump="1570545138510"/><sessioninfo id="DESKTOP-12J1VDD-1fffe45" start="1570545246672" dump="1570545247417"/><sessioninfo id="DESKTOP-12J1VDD-90f5a49a" start="1570545277099" dump="1570545277958"/><sessioninfo id="DESKTOP-12J1VDD-ac5f1929" start="1570545285453" dump="1570545286168"/><sessioninfo id="DESKTOP-12J1VDD-ce93403a" start="1570545320806" dump="1570545321510"/><sessioninfo id="DESKTOP-12J1VDD-18265e54" start="1570545371756" dump="1570545372660"/><sessioninfo id="DESKTOP-12J1VDD-b1f5a322" start="1570545377924" dump="1570545378920"/><sessioninfo id="DESKTOP-12J1VDD-dda15dea" start="1570545517288" dump="1570545518080"/><sessioninfo id="DESKTOP-12J1VDD-90977442" start="1570545571525" dump="1570545572265"/><sessioninfo id="DESKTOP-12J1VDD-3c616d2c" start="1570545685074" dump="1570545686029"/><sessioninfo id="DESKTOP-12J1VDD-48b2f2d2" start="1570545733503" dump="1570545734315"/><sessioninfo id="DESKTOP-12J1VDD-6499fd20" start="1570545766741" dump="1570545767497"/><sessioninfo id="DESKTOP-12J1VDD-661a2668" start="1570545830252" dump="1570545831034"/><sessioninfo id="DESKTOP-12J1VDD-e2478e0a" start="1570545917459" dump="1570545918229"/><sessioninfo id="DESKTOP-12J1VDD-2bb28e91" start="1570546018473" dump="1570546019252"/><sessioninfo id="DESKTOP-12J1VDD-19f80c27" start="1570546057260" dump="1570546058026"/><sessioninfo id="DESKTOP-12J1VDD-b374d035" start="1570546194350" dump="1570546195155"/><sessioninfo id="DESKTOP-12J1VDD-58bb604b" start="1570546279458" dump="1570546280257"/><sessioninfo id="DESKTOP-12J1VDD-36172296" start="1570546303523" dump="1570546304412"/><sessioninfo id="DESKTOP-12J1VDD-dd26ec5" start="1570546349242" dump="1570546349966"/><sessioninfo id="DESKTOP-12J1VDD-305ce704" start="1570546361447" dump="1570546362177"/><sessioninfo id="DESKTOP-12J1VDD-2eaea20d" start="1570546483134" dump="1570546483965"/><sessioninfo id="DESKTOP-12J1VDD-5c3ecc0b" start="1570546559758" dump="1570546560512"/><sessioninfo id="DESKTOP-12J1VDD-94a9ea08" start="1570546607043" dump="1570546607806"/><sessioninfo id="DESKTOP-12J1VDD-8ec80504" start="1570546644006" dump="1570546644737"/><package name="edu/postech/csed332/homework3"><class name="edu/postech/csed332/homework3/DelegateTree" sourcefilename="DelegateTree.java"><method name="&lt;init&gt;" desc="(Ledu/postech/csed332/homework3/MutableGraph;)V" line="39"><counter type="INSTRUCTION" missed="4" covered="15"/><counter type="BRANCH" missed="1" covered="1"/><counter type="LINE" missed="1" covered="5"/><counter type="COMPLEXITY" missed="1" covered="1"/><counter type="METHOD" missed="0" covered="1"/></method><method name="getRoot" desc="()Ljava/util/Optional;" line="50"><counter type="INSTRUCTION" missed="0" covered="13"/><counter type="BRANCH" missed="0" covered="2"/><counter type="LINE" missed="0" covered="3"/><counter type="COMPLEXITY" missed="0" covered="2"/><counter type="METHOD" missed="0" covered="1"/></method><method name="getDepth" desc="(Ljava/lang/Comparable;)I" line="61"><counter type="INSTRUCTION" missed="0" covered="23"/><counter type="BRANCH" missed="0" covered="4"/><counter type="LINE" missed="0" covered="3"/><counter type="COMPLEXITY" missed="0" covered="3"/><counter type="METHOD" missed="0" covered="1"/></method><method name="getHeight" desc="()I" line="69"><counter type="INSTRUCTION" missed="0" covered="14"/><counter type="BRANCH" missed="0" covered="2"/><counter type="LINE" missed="0" covered="2"/><counter type="COMPLEXITY" missed="0" covered="2"/><counter type="METHOD" missed="0" covered="1"/></method><method name="containsVertex" desc="(Ljava/lang/Comparable;)Z" line="76"><counter type="INSTRUCTION" missed="0" covered="5"/><counter type="LINE" missed="0" covered="1"/><counter type="COMPLEXITY" missed="0" covered="1"/><counter type="METHOD" missed="0" covered="1"/></method><method name="addVertex" desc="(Ljava/lang/Comparable;)Z" line="82"><counter type="INSTRUCTION" missed="0" covered="25"/><counter type="BRANCH" missed="0" covered="2"/><counter type="LINE" missed="0" covered="6"/><counter type="COMPLEXITY" missed="0" covered="2"/><counter type="METHOD" missed="0" covered="1"/></method><method name="removeVertex" desc="(Ljava/lang/Comparable;)Z" line="96"><counter type="INSTRUCTION" missed="0" covered="35"/><counter type="BRANCH" missed="0" covered="4"/><counter type="LINE" missed="0" covered="7"/><counter type="COMPLEXITY" missed="0" covered="3"/><counter type="METHOD" missed="0" covered="1"/></method><method name="containsEdge" desc="(Ljava/lang/Comparable;Ljava/lang/Comparable;)Z" line="110"><counter type="INSTRUCTION" missed="0" covered="6"/><counter type="LINE" missed="0" covered="1"/><counter type="COMPLEXITY" missed="0" covered="1"/><counter type="METHOD" missed="0" covered="1"/></method><method name="addEdge" desc="(Ljava/lang/Comparable;Ljava/lang/Comparable;)Z" line="116"><counter type="INSTRUCTION" missed="0" covered="36"/><counter type="BRANCH" missed="0" covered="4"/><counter type="LINE" missed="0" covered="5"/><counter type="COMPLEXITY" missed="0" covered="3"/><counter type="METHOD" missed="0" covered="1"/></method><method name="removeEdge" desc="(Ljava/lang/Comparable;Ljava/lang/Comparable;)Z" line="126"><counter type="INSTRUCTION" missed="0" covered="42"/><counter type="BRANCH" missed="1" covered="5"/><counter type="LINE" missed="0" covered="7"/><counter type="COMPLEXITY" missed="1" covered="3"/><counter type="METHOD" missed="0" covered="1"/></method><method name="getSources" desc="(Ljava/lang/Comparable;)Ljava/util/Set;" line="140"><counter type="INSTRUCTION" missed="0" covered="5"/><counter type="LINE" missed="0" covered="1"/><counter type="COMPLEXITY" missed="0" covered="1"/><counter type="METHOD" missed="0" covered="1"/></method><method name="getTargets" desc="(Ljava/lang/Comparable;)Ljava/util/Set;" line="146"><counter type="INSTRUCTION" missed="0" covered="5"/><counter type="LINE" missed="0" covered="1"/><counter type="COMPLEXITY" missed="0" covered="1"/><counter type="METHOD" missed="0" covered="1"/></method><method name="getVertices" desc="()Ljava/util/Set;" line="152"><counter type="INSTRUCTION" missed="0" covered="4"/><counter type="LINE" missed="0" covered="1"/><counter type="COMPLEXITY" missed="0" covered="1"/><counter type="METHOD" missed="0" covered="1"/></method><method name="getEdges" desc="()Ljava/util/Set;" line="158"><counter type="INSTRUCTION" missed="0" covered="4"/><counter type="LINE" missed="0" covered="1"/><counter type="COMPLEXITY" missed="0" covered="1"/><counter type="METHOD" missed="0" covered="1"/></method><method name="checkInv" desc="()Z" line="168"><counter type="INSTRUCTION" missed="6" covered="111"/><counter type="BRANCH" missed="3" covered="11"/><counter type="LINE" missed="0" covered="12"/><counter type="COMPLEXITY" missed="3" covered="5"/><counter type="METHOD" missed="0" covered="1"/></method><method name="toString" desc="()Ljava/lang/String;" line="192"><counter type="INSTRUCTION" missed="0" covered="32"/><counter type="LINE" missed="0" covered="4"/><counter type="COMPLEXITY" missed="0" covered="1"/><counter type="METHOD" missed="0" covered="1"/></method><counter type="INSTRUCTION" missed="10" covered="375"/><counter type="BRANCH" missed="5" covered="35"/><counter type="LINE" missed="1" covered="60"/><counter type="COMPLEXITY" missed="5" covered="31"/><counter type="METHOD" missed="0" covered="16"/><counter type="CLASS" missed="0" covered="1"/></class><class name="edu/postech/csed332/homework3/MutableTree" sourcefilename="MutableTree.java"/><class name="edu/postech/csed332/homework3/MutableGraph" sourcefilename="MutableGraph.java"/><class name="edu/postech/csed332/homework3/ParentPointerTree" sourcefilename="ParentPointerTree.java"><method name="&lt;init&gt;" desc="()V" line="43"><counter type="INSTRUCTION" missed="0" covered="11"/><counter type="LINE" missed="0" covered="4"/><counter type="COMPLEXITY" missed="0" covered="1"/><counter type="METHOD" missed="0" covered="1"/></method><method name="getRoot" desc="()Ljava/util/Optional;" line="51"><counter type="INSTRUCTION" missed="0" covered="11"/><counter type="BRANCH" missed="0" covered="2"/><counter type="LINE" missed="0" covered="3"/><counter type="COMPLEXITY" missed="0" covered="2"/><counter type="METHOD" missed="0" covered="1"/></method><method name="getDepth" desc="(Ljava/lang/Comparable;)I" line="61"><counter type="INSTRUCTION" missed="0" covered="24"/><counter type="BRANCH" missed="0" covered="4"/><counter type="LINE" missed="0" covered="3"/><counter type="COMPLEXITY" missed="0" covered="3"/><counter type="METHOD" missed="0" covered="1"/></method><method name="getHeight" desc="()I" line="69"><counter type="INSTRUCTION" missed="0" covered="40"/><counter type="BRANCH" missed="1" covered="5"/><counter type="LINE" missed="0" covered="5"/><counter type="COMPLEXITY" missed="1" covered="3"/><counter type="METHOD" missed="0" covered="1"/></method><method name="containsVertex" desc="(Ljava/lang/Comparable;)Z" line="80"><counter type="INSTRUCTION" missed="0" covered="6"/><counter type="LINE" missed="0" covered="1"/><counter type="COMPLEXITY" missed="0" covered="1"/><counter type="METHOD" missed="0" covered="1"/></method><method name="addVertex" desc="(Ljava/lang/Comparable;)Z" line="86"><counter type="INSTRUCTION" missed="0" covered="20"/><counter type="BRANCH" missed="0" covered="2"/><counter type="LINE" missed="0" covered="5"/><counter type="COMPLEXITY" missed="0" covered="2"/><counter type="METHOD" missed="0" covered="1"/></method><method name="removeVertex" desc="(Ljava/lang/Comparable;)Z" line="97"><counter type="INSTRUCTION" missed="0" covered="60"/><counter type="BRANCH" missed="0" covered="10"/><counter type="LINE" missed="0" covered="8"/><counter type="COMPLEXITY" missed="0" covered="6"/><counter type="METHOD" missed="0" covered="1"/></method><method name="containsEdge" desc="(Ljava/lang/Comparable;Ljava/lang/Comparable;)Z" line="112"><counter type="INSTRUCTION" missed="0" covered="14"/><counter type="BRANCH" missed="1" covered="3"/><counter type="LINE" missed="0" covered="2"/><counter type="COMPLEXITY" missed="1" covered="2"/><counter type="METHOD" missed="0" covered="1"/></method><method name="addEdge" desc="(Ljava/lang/Comparable;Ljava/lang/Comparable;)Z" line="119"><counter type="INSTRUCTION" missed="0" covered="33"/><counter type="BRANCH" missed="0" covered="4"/><counter type="LINE" missed="0" covered="4"/><counter type="COMPLEXITY" missed="0" covered="3"/><counter type="METHOD" missed="0" covered="1"/></method><method name="removeEdge" desc="(Ljava/lang/Comparable;Ljava/lang/Comparable;)Z" line="128"><counter type="INSTRUCTION" missed="2" covered="37"/><counter type="BRANCH" missed="1" covered="5"/><counter type="LINE" missed="0" covered="7"/><counter type="COMPLEXITY" missed="1" covered="3"/><counter type="METHOD" missed="0" covered="1"/></method><method name="getSources" desc="(Ljava/lang/Comparable;)Ljava/util/Set;" line="141"><counter type="INSTRUCTION" missed="0" covered="16"/><counter type="LINE" missed="0" covered="3"/><counter type="COMPLEXITY" missed="0" covered="1"/><counter type="METHOD" missed="0" covered="1"/></method><method name="getTargets" desc="(Ljava/lang/Comparable;)Ljava/util/Set;" line="149"><counter type="INSTRUCTION" missed="0" covered="29"/><counter type="BRANCH" missed="0" covered="4"/><counter type="LINE" missed="0" covered="5"/><counter type="COMPLEXITY" missed="0" covered="3"/><counter type="METHOD" missed="0" covered="1"/></method><method name="getVertices" desc="()Ljava/util/Set;" line="160"><counter type="INSTRUCTION" missed="0" covered="4"/><counter type="LINE" missed="0" covered="1"/><counter type="COMPLEXITY" missed="0" covered="1"/><counter type="METHOD" missed="0" covered="1"/></method><method name="getEdges" desc="()Ljava/util/Set;" line="166"><counter type="INSTRUCTION" missed="0" covered="37"/><counter type="BRANCH" missed="0" covered="2"/><counter type="LINE" missed="0" covered="6"/><counter type="COMPLEXITY" missed="0" covered="2"/><counter type="METHOD" missed="0" covered="1"/></method><method name="checkInv" desc="()Z" line="182"><counter type="INSTRUCTION" missed="6" covered="111"/><counter type="BRANCH" missed="3" covered="11"/><counter type="LINE" missed="0" covered="12"/><counter type="COMPLEXITY" missed="3" covered="5"/><counter type="METHOD" missed="0" covered="1"/></method><method name="toString" desc="()Ljava/lang/String;" line="206"><counter type="INSTRUCTION" missed="0" covered="32"/><counter type="LINE" missed="0" covered="4"/><counter type="COMPLEXITY" missed="0" covered="1"/><counter type="METHOD" missed="0" covered="1"/></method><counter type="INSTRUCTION" missed="8" covered="485"/><counter type="BRANCH" missed="6" covered="52"/><counter type="LINE" missed="0" covered="73"/><counter type="COMPLEXITY" missed="6" covered="39"/><counter type="METHOD" missed="0" covered="16"/><counter type="CLASS" missed="0" covered="1"/></class><class name="edu/postech/csed332/homework3/Tree" sourcefilename="Tree.java"><method name="getChildren" desc="(Ljava/lang/Comparable;)Ljava/util/Set;" line="51"><counter type="INSTRUCTION" missed="0" covered="4"/><counter type="LINE" missed="0" covered="1"/><counter type="COMPLEXITY" missed="0" covered="1"/><counter type="METHOD" missed="0" covered="1"/></method><method name="getParent" desc="(Ljava/lang/Comparable;)Ljava/util/Optional;" line="62"><counter type="INSTRUCTION" missed="0" covered="6"/><counter type="LINE" missed="0" covered="1"/><counter type="COMPLEXITY" missed="0" covered="1"/><counter type="METHOD" missed="0" covered="1"/></method><counter type="INSTRUCTION" missed="0" covered="10"/><counter type="LINE" missed="0" covered="2"/><counter type="COMPLEXITY" missed="0" covered="2"/><counter type="METHOD" missed="0" covered="2"/><counter type="CLASS" missed="0" covered="1"/></class><class name="edu/postech/csed332/homework3/Edge" sourcefilename="Edge.java"><method name="&lt;init&gt;" desc="(Ljava/lang/Comparable;Ljava/lang/Comparable;)V" line="16"><counter type="INSTRUCTION" missed="0" covered="9"/><counter type="LINE" missed="0" covered="4"/><counter type="COMPLEXITY" missed="0" covered="1"/><counter type="METHOD" missed="0" covered="1"/></method><method name="getSource" desc="()Ljava/lang/Comparable;" line="22"><counter type="INSTRUCTION" missed="0" covered="3"/><counter type="LINE" missed="0" covered="1"/><counter type="COMPLEXITY" missed="0" covered="1"/><counter type="METHOD" missed="0" covered="1"/></method><method name="getTarget" desc="()Ljava/lang/Comparable;" line="26"><counter type="INSTRUCTION" missed="0" covered="3"/><counter type="LINE" missed="0" covered="1"/><counter type="COMPLEXITY" missed="0" covered="1"/><counter type="METHOD" missed="0" covered="1"/></method><method name="compareTo" desc="(Ledu/postech/csed332/homework3/Edge;)I" line="31"><counter type="INSTRUCTION" missed="16" covered="0"/><counter type="BRANCH" missed="2" covered="0"/><counter type="LINE" missed="2" covered="0"/><counter type="COMPLEXITY" missed="2" covered="0"/><counter type="METHOD" missed="1" covered="0"/></method><method name="equals" desc="(Ljava/lang/Object;)Z" line="37"><counter type="INSTRUCTION" missed="12" covered="21"/><counter type="BRANCH" missed="6" covered="4"/><counter type="LINE" missed="1" covered="4"/><counter type="COMPLEXITY" missed="5" covered="1"/><counter type="METHOD" missed="0" covered="1"/></method><method name="hashCode" desc="()I" line="46"><counter type="INSTRUCTION" missed="0" covered="14"/><counter type="LINE" missed="0" covered="1"/><counter type="COMPLEXITY" missed="0" covered="1"/><counter type="METHOD" missed="0" covered="1"/></method><method name="toString" desc="()Ljava/lang/String;" line="51"><counter type="INSTRUCTION" missed="0" covered="16"/><counter type="LINE" missed="0" covered="1"/><counter type="COMPLEXITY" missed="0" covered="1"/><counter type="METHOD" missed="0" covered="1"/></method><counter type="INSTRUCTION" missed="28" covered="66"/><counter type="BRANCH" missed="8" covered="4"/><counter type="LINE" missed="3" covered="12"/><counter type="COMPLEXITY" missed="7" covered="6"/><counter type="METHOD" missed="1" covered="6"/><counter type="CLASS" missed="0" covered="1"/></class><class name="edu/postech/csed332/homework3/AdjacencyListGraph" sourcefilename="AdjacencyListGraph.java"><method name="&lt;init&gt;" desc="()V" line="26"><counter type="INSTRUCTION" missed="0" covered="8"/><counter type="LINE" missed="0" covered="3"/><counter type="COMPLEXITY" missed="0" covered="1"/><counter type="METHOD" missed="0" covered="1"/></method><method name="containsVertex" desc="(Ljava/lang/Comparable;)Z" line="33"><counter type="INSTRUCTION" missed="0" covered="5"/><counter type="LINE" missed="0" covered="1"/><counter type="COMPLEXITY" missed="0" covered="1"/><counter type="METHOD" missed="0" covered="1"/></method><method name="addVertex" desc="(Ljava/lang/Comparable;)Z" line="39"><counter type="INSTRUCTION" missed="0" covered="18"/><counter type="BRANCH" missed="0" covered="2"/><counter type="LINE" missed="0" covered="4"/><counter type="COMPLEXITY" missed="0" covered="2"/><counter type="METHOD" missed="0" covered="1"/></method><method name="removeVertex" desc="(Ljava/lang/Comparable;)Z" line="50"><counter type="INSTRUCTION" missed="0" covered="33"/><counter type="BRANCH" missed="0" covered="4"/><counter type="LINE" missed="0" covered="7"/><counter type="COMPLEXITY" missed="0" covered="3"/><counter type="METHOD" missed="0" covered="1"/></method><method name="containsEdge" desc="(Ljava/lang/Comparable;Ljava/lang/Comparable;)Z" line="64"><counter type="INSTRUCTION" missed="0" covered="28"/><counter type="BRANCH" missed="0" covered="6"/><counter type="LINE" missed="0" covered="5"/><counter type="COMPLEXITY" missed="0" covered="4"/><counter type="METHOD" missed="0" covered="1"/></method><method name="addEdge" desc="(Ljava/lang/Comparable;Ljava/lang/Comparable;)Z" line="75"><counter type="INSTRUCTION" missed="0" covered="41"/><counter type="BRANCH" missed="0" covered="6"/><counter type="LINE" missed="0" covered="7"/><counter type="COMPLEXITY" missed="0" covered="4"/><counter type="METHOD" missed="0" covered="1"/></method><method name="removeEdge" desc="(Ljava/lang/Comparable;Ljava/lang/Comparable;)Z" line="89"><counter type="INSTRUCTION" missed="0" covered="25"/><counter type="BRANCH" missed="0" covered="2"/><counter type="LINE" missed="0" covered="6"/><counter type="COMPLEXITY" missed="0" covered="2"/><counter type="METHOD" missed="0" covered="1"/></method><method name="getSources" desc="(Ljava/lang/Comparable;)Ljava/util/Set;" line="101"><counter type="INSTRUCTION" missed="0" covered="43"/><counter type="BRANCH" missed="0" covered="6"/><counter type="LINE" missed="0" covered="9"/><counter type="COMPLEXITY" missed="0" covered="4"/><counter type="METHOD" missed="0" covered="1"/></method><method name="getTargets" desc="(Ljava/lang/Comparable;)Ljava/util/Set;" line="118"><counter type="INSTRUCTION" missed="0" covered="6"/><counter type="LINE" missed="0" covered="1"/><counter type="COMPLEXITY" missed="0" covered="1"/><counter type="METHOD" missed="0" covered="1"/></method><method name="getVertices" desc="()Ljava/util/Set;" line="123"><counter type="INSTRUCTION" missed="0" covered="5"/><counter type="LINE" missed="0" covered="1"/><counter type="COMPLEXITY" missed="0" covered="1"/><counter type="METHOD" missed="0" covered="1"/></method><method name="getEdges" desc="()Ljava/util/Set;" line="128"><counter type="INSTRUCTION" missed="0" covered="10"/><counter type="LINE" missed="0" covered="3"/><counter type="COMPLEXITY" missed="0" covered="1"/><counter type="METHOD" missed="0" covered="1"/></method><method name="checkInv" desc="()Z" line="140"><counter type="INSTRUCTION" missed="2" covered="35"/><counter type="BRANCH" missed="1" covered="5"/><counter type="LINE" missed="0" covered="6"/><counter type="COMPLEXITY" missed="1" covered="3"/><counter type="METHOD" missed="0" covered="1"/></method><method name="toString" desc="()Ljava/lang/String;" line="157"><counter type="INSTRUCTION" missed="0" covered="27"/><counter type="LINE" missed="0" covered="3"/><counter type="COMPLEXITY" missed="0" covered="1"/><counter type="METHOD" missed="0" covered="1"/></method><method name="lambda$0" desc="(Ljava/util/Map$Entry;)Ljava/util/stream/Stream;" line="129"><counter type="INSTRUCTION" missed="0" covered="8"/><counter type="LINE" missed="0" covered="1"/><counter type="COMPLEXITY" missed="0" covered="1"/><counter type="METHOD" missed="0" covered="1"/></method><method name="lambda$1" desc="(Ljava/util/Map$Entry;Ljava/lang/Comparable;)Ledu/postech/csed332/homework3/Edge;" line="129"><counter type="INSTRUCTION" missed="0" covered="8"/><counter type="LINE" missed="0" covered="1"/><counter type="COMPLEXITY" missed="0" covered="1"/><counter type="METHOD" missed="0" covered="1"/></method><counter type="INSTRUCTION" missed="2" covered="300"/><counter type="BRANCH" missed="1" covered="31"/><counter type="LINE" missed="0" covered="56"/><counter type="COMPLEXITY" missed="1" covered="30"/><counter type="METHOD" missed="0" covered="15"/><counter type="CLASS" missed="0" covered="1"/></class><class name="edu/postech/csed332/homework3/Graph" sourcefilename="Graph.java"><method name="findReachableVertices" desc="(Ljava/lang/Comparable;)Ljava/util/Set;" line="80"><counter type="INSTRUCTION" missed="0" covered="40"/><counter type="BRANCH" missed="0" covered="4"/><counter type="LINE" missed="0" covered="11"/><counter type="COMPLEXITY" missed="0" covered="3"/><counter type="METHOD" missed="0" covered="1"/></method><method name="lambda$0" desc="(Ljava/lang/Comparable;)Ljava/util/stream/Stream;" line="89"><counter type="INSTRUCTION" missed="0" covered="5"/><counter type="LINE" missed="0" covered="1"/><counter type="COMPLEXITY" missed="0" covered="1"/><counter type="METHOD" missed="0" covered="1"/></method><method name="lambda$1" desc="(Ljava/util/Set;Ljava/lang/Comparable;)Z" line="90"><counter type="INSTRUCTION" missed="0" covered="8"/><counter type="BRANCH" missed="0" covered="2"/><counter type="LINE" missed="0" covered="1"/><counter type="COMPLEXITY" missed="0" covered="2"/><counter type="METHOD" missed="0" covered="1"/></method><counter type="INSTRUCTION" missed="0" covered="53"/><counter type="BRANCH" missed="0" covered="6"/><counter type="LINE" missed="0" covered="11"/><counter type="COMPLEXITY" missed="0" covered="6"/><counter type="METHOD" missed="0" covered="3"/><counter type="CLASS" missed="0" covered="1"/></class><class name="edu/postech/csed332/homework3/ParentPointerTree$Node" sourcefilename="ParentPointerTree.java"><method name="&lt;init&gt;" desc="(Ljava/lang/Object;I)V" line="21"><counter type="INSTRUCTION" missed="0" covered="9"/><counter type="LINE" missed="0" covered="4"/><counter type="COMPLEXITY" missed="0" covered="1"/><counter type="METHOD" missed="0" covered="1"/></method><counter type="INSTRUCTION" missed="0" covered="9"/><counter type="LINE" missed="0" covered="4"/><counter type="COMPLEXITY" missed="0" covered="1"/><counter type="METHOD" missed="0" covered="1"/><counter type="CLASS" missed="0" covered="1"/></class><sourcefile name="DelegateTree.java"><line nr="39" mi="0" ci="2" mb="0" cb="0"/><line nr="40" mi="0" ci="4" mb="1" cb="1"/><line nr="41" mi="4" ci="0" mb="0" cb="0"/><line nr="43" mi="0" ci="3" mb="0" cb="0"/><line nr="44" mi="0" ci="5" mb="0" cb="0"/><line nr="45" mi="0" ci="1" mb="0" cb="0"/><line nr="50" mi="0" ci="7" mb="0" cb="2"/><line nr="52" mi="0" ci="4" mb="0" cb="0"/><line nr="53" mi="0" ci="2" mb="0" cb="0"/><line nr="61" mi="0" ci="7" mb="0" cb="2"/><line nr="62" mi="0" ci="9" mb="0" cb="2"/><line nr="63" mi="0" ci="7" mb="0" cb="0"/><line nr="69" mi="0" ci="7" mb="0" cb="2"/><line nr="70" mi="0" ci="7" mb="0" cb="0"/><line nr="76" mi="0" ci="5" mb="0" cb="0"/><line nr="82" mi="0" ci="5" mb="0" cb="2"/><line nr="83" mi="0" ci="5" mb="0" cb="0"/><line nr="84" mi="0" ci="3" mb="0" cb="0"/><line nr="85" mi="0" ci="8" mb="0" cb="0"/><line nr="86" mi="0" ci="2" mb="0" cb="0"/><line nr="89" mi="0" ci="2" mb="0" cb="0"/><line nr="96" mi="0" ci="5" mb="0" cb="0"/><line nr="97" mi="0" ci="5" mb="0" cb="2"/><line nr="98" mi="0" ci="11" mb="0" cb="2"/><line nr="99" mi="0" ci="5" mb="0" cb="0"/><line nr="101" mi="0" ci="5" mb="0" cb="0"/><line nr="102" mi="0" ci="2" mb="0" cb="0"/><line nr="104" mi="0" ci="2" mb="0" cb="0"/><line nr="110" mi="0" ci="6" mb="0" cb="0"/><line nr="116" mi="0" ci="7" mb="0" cb="2"/><line nr="117" mi="0" ci="7" mb="0" cb="2"/><line nr="118" mi="0" ci="6" mb="0" cb="0"/><line nr="119" mi="0" ci="14" mb="0" cb="0"/><line nr="120" mi="0" ci="2" mb="0" cb="0"/><line nr="126" mi="0" ci="5" mb="0" cb="0"/><line nr="127" mi="0" ci="4" mb="0" cb="0"/><line nr="128" mi="0" ci="11" mb="1" cb="3"/><line nr="129" mi="0" ci="11" mb="0" cb="2"/><line nr="130" mi="0" ci="5" mb="0" cb="0"/><line nr="132" mi="0" ci="4" mb="0" cb="0"/><line nr="134" mi="0" ci="2" mb="0" cb="0"/><line nr="140" mi="0" ci="5" mb="0" cb="0"/><line nr="146" mi="0" ci="5" mb="0" cb="0"/><line nr="152" mi="0" ci="4" mb="0" cb="0"/><line nr="158" mi="0" ci="4" mb="0" cb="0"/><line nr="168" mi="0" ci="6" mb="0" cb="0"/><line nr="169" mi="0" ci="4" mb="0" cb="0"/><line nr="170" mi="0" ci="20" mb="0" cb="2"/><line nr="171" mi="0" ci="15" mb="0" cb="2"/><line nr="172" mi="0" ci="6" mb="0" cb="0"/><line nr="173" mi="0" ci="7" mb="0" cb="0"/><line nr="174" mi="0" ci="11" mb="0" cb="2"/><line nr="175" mi="2" ci="4" mb="1" cb="1"/><line nr="177" mi="2" ci="7" mb="1" cb="1"/><line nr="178" mi="0" ci="7" mb="0" cb="0"/><line nr="181" mi="2" ci="22" mb="1" cb="3"/><line nr="182" mi="0" ci="2" mb="0" cb="0"/><line nr="192" mi="0" ci="7" mb="0" cb="0"/><line nr="193" mi="0" ci="5" mb="0" cb="0"/><line nr="194" mi="0" ci="11" mb="0" cb="0"/><line nr="195" mi="0" ci="9" mb="0" cb="0"/><counter type="INSTRUCTION" missed="10" covered="375"/><counter type="BRANCH" missed="5" covered="35"/><counter type="LINE" missed="1" covered="60"/><counter type="COMPLEXITY" missed="5" covered="31"/><counter type="METHOD" missed="0" covered="16"/><counter type="CLASS" missed="0" covered="1"/></sourcefile><sourcefile name="AdjacencyListGraph.java"><line nr="26" mi="0" ci="2" mb="0" cb="0"/><line nr="27" mi="0" ci="5" mb="0" cb="0"/><line nr="28" mi="0" ci="1" mb="0" cb="0"/><line nr="33" mi="0" ci="5" mb="0" cb="0"/><line nr="39" mi="0" ci="6" mb="0" cb="2"/><line nr="41" mi="0" ci="4" mb="0" cb="0"/><line nr="42" mi="0" ci="6" mb="0" cb="0"/><line nr="43" mi="0" ci="2" mb="0" cb="0"/><line nr="50" mi="0" ci="4" mb="0" cb="2"/><line nr="51" mi="0" ci="4" mb="0" cb="0"/><line nr="52" mi="0" ci="11" mb="0" cb="2"/><line nr="53" mi="0" ci="5" mb="0" cb="0"/><line nr="55" mi="0" ci="5" mb="0" cb="0"/><line nr="56" mi="0" ci="2" mb="0" cb="0"/><line nr="58" mi="0" ci="2" mb="0" cb="0"/><line nr="64" mi="0" ci="6" mb="0" cb="0"/><line nr="65" mi="0" ci="4" mb="0" cb="2"/><line nr="66" mi="0" ci="11" mb="0" cb="2"/><line nr="67" mi="0" ci="5" mb="0" cb="2"/><line nr="69" mi="0" ci="2" mb="0" cb="0"/><line nr="75" mi="0" ci="7" mb="0" cb="2"/><line nr="77" mi="0" ci="8" mb="0" cb="2"/><line nr="78" mi="0" ci="8" mb="0" cb="2"/><line nr="79" mi="0" ci="6" mb="0" cb="0"/><line nr="80" mi="0" ci="4" mb="0" cb="0"/><line nr="81" mi="0" ci="6" mb="0" cb="0"/><line nr="82" mi="0" ci="2" mb="0" cb="0"/><line nr="89" mi="0" ci="5" mb="0" cb="2"/><line nr="90" mi="0" ci="6" mb="0" cb="0"/><line nr="91" mi="0" ci="4" mb="0" cb="0"/><line nr="92" mi="0" ci="6" mb="0" cb="0"/><line nr="93" mi="0" ci="2" mb="0" cb="0"/><line nr="95" mi="0" ci="2" mb="0" cb="0"/><line nr="101" mi="0" ci="3" mb="0" cb="0"/><line nr="102" mi="0" ci="4" mb="0" cb="0"/><line nr="103" mi="0" ci="11" mb="0" cb="2"/><line nr="104" mi="0" ci="4" mb="0" cb="0"/><line nr="105" mi="0" ci="11" mb="0" cb="2"/><line nr="106" mi="0" ci="3" mb="0" cb="2"/><line nr="107" mi="0" ci="4" mb="0" cb="0"/><line nr="108" mi="0" ci="1" mb="0" cb="0"/><line nr="112" mi="0" ci="2" mb="0" cb="0"/><line nr="118" mi="0" ci="6" mb="0" cb="0"/><line nr="123" mi="0" ci="5" mb="0" cb="0"/><line nr="128" mi="0" ci="5" mb="0" cb="0"/><line nr="129" mi="0" ci="18" mb="0" cb="0"/><line nr="130" mi="0" ci="3" mb="0" cb="0"/><line nr="140" mi="0" ci="3" mb="0" cb="0"/><line nr="141" mi="0" ci="11" mb="0" cb="2"/><line nr="142" mi="0" ci="4" mb="0" cb="0"/><line nr="143" mi="0" ci="11" mb="0" cb="2"/><line nr="144" mi="2" ci="4" mb="1" cb="1"/><line nr="147" mi="0" ci="2" mb="0" cb="0"/><line nr="157" mi="0" ci="7" mb="0" cb="0"/><line nr="158" mi="0" ci="11" mb="0" cb="0"/><line nr="159" mi="0" ci="9" mb="0" cb="0"/><counter type="INSTRUCTION" missed="2" covered="300"/><counter type="BRANCH" missed="1" covered="31"/><counter type="LINE" missed="0" covered="56"/><counter type="COMPLEXITY" missed="1" covered="30"/><counter type="METHOD" missed="0" covered="15"/><counter type="CLASS" missed="0" covered="1"/></sourcefile><sourcefile name="Graph.java"><line nr="80" mi="0" ci="4" mb="0" cb="0"/><line nr="81" mi="0" ci="4" mb="0" cb="0"/><line nr="83" mi="0" ci="4" mb="0" cb="2"/><line nr="84" mi="0" ci="4" mb="0" cb="0"/><line nr="86" mi="0" ci="5" mb="0" cb="2"/><line nr="87" mi="0" ci="4" mb="0" cb="0"/><line nr="88" mi="0" ci="3" mb="0" cb="0"/><line nr="89" mi="0" ci="8" mb="0" cb="0"/><line nr="90" mi="0" ci="11" mb="0" cb="2"/><line nr="91" mi="0" ci="3" mb="0" cb="0"/><line nr="93" mi="0" ci="3" mb="0" cb="0"/><counter type="INSTRUCTION" missed="0" covered="53"/><counter type="BRANCH" missed="0" covered="6"/><counter type="LINE" missed="0" covered="11"/><counter type="COMPLEXITY" missed="0" covered="6"/><counter type="METHOD" missed="0" covered="3"/><counter type="CLASS" missed="0" covered="1"/></sourcefile><sourcefile name="MutableGraph.java"/><sourcefile name="ParentPointerTree.java"><line nr="21" mi="0" ci="2" mb="0" cb="0"/><line nr="22" mi="0" ci="3" mb="0" cb="0"/><line nr="23" mi="0" ci="3" mb="0" cb="0"/><line nr="24" mi="0" ci="1" mb="0" cb="0"/><line nr="43" mi="0" ci="2" mb="0" cb="0"/><line nr="44" mi="0" ci="3" mb="0" cb="0"/><line nr="45" mi="0" ci="5" mb="0" cb="0"/><line nr="46" mi="0" ci="1" mb="0" cb="0"/><line nr="51" mi="0" ci="5" mb="0" cb="2"/><line nr="53" mi="0" ci="4" mb="0" cb="0"/><line nr="54" mi="0" ci="2" mb="0" cb="0"/><line nr="61" mi="0" ci="8" mb="0" cb="2"/><line nr="62" mi="0" ci="9" mb="0" cb="2"/><line nr="63" mi="0" ci="7" mb="0" cb="0"/><line nr="69" mi="0" ci="2" mb="0" cb="0"/><line nr="70" mi="0" ci="8" mb="0" cb="2"/><line nr="71" mi="0" ci="13" mb="0" cb="2"/><line nr="72" mi="0" ci="15" mb="1" cb="1"/><line nr="74" mi="0" ci="2" mb="0" cb="0"/><line nr="80" mi="0" ci="6" mb="0" cb="0"/><line nr="86" mi="0" ci="3" mb="0" cb="2"/><line nr="87" mi="0" ci="10" mb="0" cb="0"/><line nr="88" mi="0" ci="3" mb="0" cb="0"/><line nr="89" mi="0" ci="2" mb="0" cb="0"/><line nr="91" mi="0" ci="2" mb="0" cb="0"/><line nr="97" mi="0" ci="4" mb="0" cb="0"/><line nr="98" mi="0" ci="4" mb="0" cb="2"/><line nr="99" mi="0" ci="2" mb="0" cb="0"/><line nr="101" mi="0" ci="13" mb="0" cb="2"/><line nr="102" mi="0" ci="14" mb="0" cb="4"/><line nr="104" mi="0" ci="16" mb="0" cb="2"/><line nr="105" mi="0" ci="5" mb="0" cb="0"/><line nr="106" mi="0" ci="2" mb="0" cb="0"/><line nr="112" mi="0" ci="12" mb="1" cb="3"/><line nr="113" mi="0" ci="2" mb="0" cb="0"/><line nr="119" mi="0" ci="7" mb="0" cb="2"/><line nr="120" mi="0" ci="7" mb="0" cb="2"/><line nr="121" mi="0" ci="17" mb="0" cb="0"/><line nr="122" mi="0" ci="2" mb="0" cb="0"/><line nr="128" mi="2" ci="5" mb="1" cb="1"/><line nr="129" mi="0" ci="7" mb="0" cb="2"/><line nr="130" mi="0" ci="4" mb="0" cb="0"/><line nr="131" mi="0" ci="11" mb="0" cb="2"/><line nr="132" mi="0" ci="4" mb="0" cb="0"/><line nr="134" mi="0" ci="4" mb="0" cb="0"/><line nr="135" mi="0" ci="2" mb="0" cb="0"/><line nr="141" mi="0" ci="4" mb="0" cb="0"/><line nr="142" mi="0" ci="10" mb="0" cb="0"/><line nr="143" mi="0" ci="2" mb="0" cb="0"/><line nr="149" mi="0" ci="4" mb="0" cb="0"/><line nr="150" mi="0" ci="3" mb="0" cb="0"/><line nr="151" mi="0" ci="11" mb="0" cb="2"/><line nr="152" mi="0" ci="9" mb="0" cb="2"/><line nr="154" mi="0" ci="2" mb="0" cb="0"/><line nr="160" mi="0" ci="4" mb="0" cb="0"/><line nr="166" mi="0" ci="4" mb="0" cb="0"/><line nr="167" mi="0" ci="13" mb="0" cb="2"/><line nr="168" mi="0" ci="8" mb="0" cb="0"/><line nr="169" mi="0" ci="6" mb="0" cb="0"/><line nr="170" mi="0" ci="4" mb="0" cb="0"/><line nr="172" mi="0" ci="2" mb="0" cb="0"/><line nr="182" mi="0" ci="6" mb="0" cb="0"/><line nr="183" mi="0" ci="4" mb="0" cb="0"/><line nr="184" mi="0" ci="20" mb="0" cb="2"/><line nr="185" mi="0" ci="15" mb="0" cb="2"/><line nr="186" mi="0" ci="6" mb="0" cb="0"/><line nr="187" mi="0" ci="7" mb="0" cb="0"/><line nr="188" mi="0" ci="11" mb="0" cb="2"/><line nr="189" mi="2" ci="4" mb="1" cb="1"/><line nr="191" mi="2" ci="7" mb="1" cb="1"/><line nr="192" mi="0" ci="7" mb="0" cb="0"/><line nr="195" mi="2" ci="22" mb="1" cb="3"/><line nr="196" mi="0" ci="2" mb="0" cb="0"/><line nr="206" mi="0" ci="7" mb="0" cb="0"/><line nr="207" mi="0" ci="5" mb="0" cb="0"/><line nr="208" mi="0" ci="11" mb="0" cb="0"/><line nr="209" mi="0" ci="9" mb="0" cb="0"/><counter type="INSTRUCTION" missed="8" covered="494"/><counter type="BRANCH" missed="6" covered="52"/><counter type="LINE" missed="0" covered="77"/><counter type="COMPLEXITY" missed="6" covered="40"/><counter type="METHOD" missed="0" covered="17"/><counter type="CLASS" missed="0" covered="2"/></sourcefile><sourcefile name="Edge.java"><line nr="16" mi="0" ci="2" mb="0" cb="0"/><line nr="17" mi="0" ci="3" mb="0" cb="0"/><line nr="18" mi="0" ci="3" mb="0" cb="0"/><line nr="19" mi="0" ci="1" mb="0" cb="0"/><line nr="22" mi="0" ci="3" mb="0" cb="0"/><line nr="26" mi="0" ci="3" mb="0" cb="0"/><line nr="31" mi="6" ci="0" mb="0" cb="0"/><line nr="32" mi="10" ci="0" mb="2" cb="0"/><line nr="37" mi="2" ci="3" mb="1" cb="1"/><line nr="38" mi="2" ci="7" mb="2" cb="2"/><line nr="39" mi="0" ci="3" mb="0" cb="0"/><line nr="40" mi="2" ci="8" mb="1" cb="1"/><line nr="41" mi="6" ci="0" mb="2" cb="0"/><line nr="46" mi="0" ci="14" mb="0" cb="0"/><line nr="51" mi="0" ci="16" mb="0" cb="0"/><counter type="INSTRUCTION" missed="28" covered="66"/><counter type="BRANCH" missed="8" covered="4"/><counter type="LINE" missed="3" covered="12"/><counter type="COMPLEXITY" missed="7" covered="6"/><counter type="METHOD" missed="1" covered="6"/><counter type="CLASS" missed="0" covered="1"/></sourcefile><sourcefile name="Tree.java"><line nr="51" mi="0" ci="4" mb="0" cb="0"/><line nr="62" mi="0" ci="6" mb="0" cb="0"/><counter type="INSTRUCTION" missed="0" covered="10"/><counter type="LINE" missed="0" covered="2"/><counter type="COMPLEXITY" missed="0" covered="2"/><counter type="METHOD" missed="0" covered="2"/><counter type="CLASS" missed="0" covered="1"/></sourcefile><sourcefile name="MutableTree.java"/><counter type="INSTRUCTION" missed="48" covered="1298"/><counter type="BRANCH" missed="20" covered="128"/><counter type="LINE" missed="4" covered="218"/><counter type="COMPLEXITY" missed="19" covered="115"/><counter type="METHOD" missed="1" covered="59"/><counter type="CLASS" missed="0" covered="7"/></package><counter type="INSTRUCTION" missed="48" covered="1298"/><counter type="BRANCH" missed="20" covered="128"/><counter type="LINE" missed="4" covered="218"/><counter type="COMPLEXITY" missed="19" covered="115"/><counter type="METHOD" missed="1" covered="59"/><counter type="CLASS" missed="0" covered="7"/></report>