GROUP,PACKAGE,CLASS,INSTRUCTION_MISSED,INSTRUCTION_COVERED,BRANCH_MISSED,BRANCH_COVERED,LINE_MISSED,LINE_COVERED,COMPLEXITY_MISSED,COMPLEXITY_COVERED,METHOD_MISSED,METHOD_COVERED
homework3,edu.postech.csed332.homework3,DelegateTree,316,93,33,9,47,18,31,6,12,4
homework3,edu.postech.csed332.homework3,ParentPointerTree,305,79,35,7,54,14,31,6,12,4
homework3,edu.postech.csed332.homework3,Tree,10,0,0,0,2,0,2,0,2,0
homework3,edu.postech.csed332.homework3,Edge,84,0,12,0,15,0,13,0,7,0
homework3,edu.postech.csed332.homework3,AdjacencyListGraph,165,142,17,17,31,31,17,15,7,8
homework3,edu.postech.csed332.homework3,Graph,0,53,0,6,0,11,0,6,0,3
homework3,edu.postech.csed332.homework3,ParentPointerTree.Node,0,9,0,0,0,4,0,1,0,1
