<?xml version="1.0" encoding="UTF-8"?>
<testsuite xmlns:xsi="http://www.w3.org/2001/XMLSchema-instance" xsi:noNamespaceSchemaLocation="https://maven.apache.org/surefire/maven-surefire-plugin/xsd/surefire-test-report.xsd" name="edu.postech.csed332.homework3.StringAdjacencyMutableGraphTest" time="0.004" tests="10" errors="0" skipped="0" failures="0">
  <properties>
[...]
</properties>
  <testcase name="testGetSources" classname="edu.postech.csed332.homework3.StringAdjacencyMutableGraphTest" time="0"/>
  <testcase name="testAddDuplicateVertices" classname="edu.postech.csed332.homework3.StringAdjacencyMutableGraphTest" time="0"/>
  <testcase name="testAddEdge" classname="edu.postech.csed332.homework3.StringAdjacencyMutableGraphTest" time="0"/>
  <testcase name="testToString" classname="edu.postech.csed332.homework3.StringAdjacencyMutableGraphTest" time="0"/>
  <testcase name="testRemoveRemovedVertex" classname="edu.postech.csed332.homework3.StringAdjacencyMutableGraphTest" time="0"/>
  <testcase name="testRemoveVertices" classname="edu.postech.csed332.homework3.StringAdjacencyMutableGraphTest" time="0"/>
  <testcase name="testLookupRemovedVertex" classname="edu.postech.csed332.homework3.StringAdjacencyMutableGraphTest" time="0"/>
  <testcase name="testRemoveEdge" classname="edu.postech.csed332.homework3.StringAdjacencyMutableGraphTest" time="0"/>
  <testcase name="testAddVertex" classname="edu.postech.csed332.homework3.StringAdjacencyMutableGraphTest" time="0"/>
  <testcase name="testFindReachableVertices" classname="edu.postech.csed332.homework3.StringAdjacencyMutableGraphTest" time="0"/>
</testsuite>